This is pdfTeX, Version 3.141592653-2.6-1.40.23 (TeX Live 2021/W32TeX) (preloaded format=pdflatex 2022.3.29)  16 APR 2022 16:06
entering extended mode
 restricted \write18 enabled.
 %&-line parsing enabled.
**q
(h:/texlive/2021/texmf-dist/tex/latex/tools/q.tex
LaTeX2e <2021-11-15> patch level 1
L3 programming layer <2022-02-24> File ignored
)
! Emergency stop.
<*> q
     
*** (job aborted, no legal \end found)

 
Here is how much of TeX's memory you used:
 17 strings out of 480038
 493 string characters out of 5889765
 285150 words of memory out of 5000000
 18109 multiletter control sequences out of 15000+600000
 469259 words of font info for 28 fonts, out of 8000000 for 9000
 81 hyphenation exceptions out of 8191
 13i,0n,12p,81b,10s stack positions out of 5000i,500n,10000p,200000b,80000s
!  ==> Fatal error occurred, no output PDF file produced!
